0 info it worked if it ends with ok
1 verbose cli [ '/Users/Hoseung/.nvm/versions/node/v5.5.0/bin/node',
1 verbose cli   '/Users/Hoseung/.nvm/versions/node/v5.5.0/bin/npm',
1 verbose cli   'start' ]
2 info using npm@3.3.12
3 info using node@v5.5.0
4 verbose run-script [ 'prestart', 'start', 'poststart' ]
5 info lifecycle starter-node-angular@~prestart: starter-node-angular@
6 silly lifecycle starter-node-angular@~prestart: no script for prestart, continuing
7 info lifecycle starter-node-angular@~start: starter-node-angular@
8 verbose lifecycle starter-node-angular@~start: unsafe-perm in lifecycle true
9 verbose lifecycle starter-node-angular@~start: PATH: /Users/Hoseung/.nvm/versions/node/v5.5.0/lib/node_modules/npm/bin/node-gyp-bin:/Users/Hoseung/workspace/myApp/node_modules/.bin:/Users/Hoseung/.nvm/versions/node/v5.5.0/bin:/Users/Hoseung/.node_modules_global/bin:/Library/Frameworks/Python.framework/Versions/3.5/bin:/usr/local/bin:/usr/bin:/bin:/usr/sbin:/sbin:/opt/X11/bin:/Library/TeX/texbin
10 verbose lifecycle starter-node-angular@~start: CWD: /Users/Hoseung/workspace/myApp
11 silly lifecycle starter-node-angular@~start: Args: [ '-c', 'node server.js' ]
12 silly lifecycle starter-node-angular@~start: Returned: code: 1  signal: null
13 info lifecycle starter-node-angular@~start: Failed to exec start script
14 verbose stack Error: starter-node-angular@ start: `node server.js`
14 verbose stack Exit status 1
14 verbose stack     at EventEmitter.<anonymous> (/Users/Hoseung/.nvm/versions/node/v5.5.0/lib/node_modules/npm/lib/utils/lifecycle.js:232:16)
14 verbose stack     at emitTwo (events.js:100:13)
14 verbose stack     at EventEmitter.emit (events.js:185:7)
14 verbose stack     at ChildProcess.<anonymous> (/Users/Hoseung/.nvm/versions/node/v5.5.0/lib/node_modules/npm/lib/utils/spawn.js:24:14)
14 verbose stack     at emitTwo (events.js:100:13)
14 verbose stack     at ChildProcess.emit (events.js:185:7)
14 verbose stack     at maybeClose (internal/child_process.js:821:16)
14 verbose stack     at Process.ChildProcess._handle.onexit (internal/child_process.js:211:5)
15 verbose pkgid starter-node-angular@
16 verbose cwd /Users/Hoseung/workspace/myApp
17 error Darwin 15.5.0
18 error argv "/Users/Hoseung/.nvm/versions/node/v5.5.0/bin/node" "/Users/Hoseung/.nvm/versions/node/v5.5.0/bin/npm" "start"
19 error node v5.5.0
20 error npm  v3.3.12
21 error code ELIFECYCLE
22 error starter-node-angular@ start: `node server.js`
22 error Exit status 1
23 error Failed at the starter-node-angular@ start script 'node server.js'.
23 error Make sure you have the latest version of node.js and npm installed.
23 error If you do, this is most likely a problem with the starter-node-angular package,
23 error not with npm itself.
23 error Tell the author that this fails on your system:
23 error     node server.js
23 error You can get their info via:
23 error     npm owner ls starter-node-angular
23 error There is likely additional logging output above.
24 verbose exit [ 1, true ]
